[10:51:32.381] Global cache location '/Users/jco/Library/Caches/typescript/4.6', safe file path '/users/jco/github/twitter-clone/client/node_modules/typescript/lib/typingsafelist.json', types map path /users/jco/github/twitter-clone/client/node_modules/typescript/lib/typesmap.json
[10:51:32.382] Processing cache location '/Users/jco/Library/Caches/typescript/4.6'
[10:51:32.384] Trying to find '/Users/jco/Library/Caches/typescript/4.6/package.json'...
[10:51:32.387] Loaded content of '/Users/jco/Library/Caches/typescript/4.6/package.json': {"private":true,"dependencies":{"types-registry":"^0.1.590"},"devDependencies":{"@types/babel__core":"^7.1.19","@types/babel__preset-env":"^7.9.2","@types/dompurify":"^2.3.3","@types/download":"^8.0.1","@types/eslint":"^8.4.1","@types/eslint-config-prettier":"^6.11.0","@types/estree-jsx":"^0.0.1","@types/graceful-fs":"^4.1.5","@types/hast":"^2.3.4","@types/intro.js":"^3.0.2","@types/invariant":"^2.2.35","@types/less":"^3.0.3","@types/lodash.mergewith":"^4.6.7","@types/mdast":"^3.0.10","@types/mdx-js__react":"^1.5.5","@types/mime-db":"^1.43.1","@types/mime-types":"^2.1.1","@types/node":"^17.0.23","@types/prettier":"^2.6.0","@types/react":"^18.0.5","@types/react-dom":"^18.0.1","@types/react-native":"^0.67.3","@types/react-redux":"^7.1.23","@types/react-test-renderer":"^17.0.1","@types/react-toggle":"^4.0.3","@types/rss":"^0.0.29","@types/tailwindcss":"^3.0.10","@types/testing-library__jest-dom":"^5.14.3","@types/unist":"^2.0.6","@types/use-subscription":"^1.0.0","@types/webpack":"^5.28.0","@types/xml":"^1.0.8"}}
[10:51:32.387] Loaded content of '/Users/jco/Library/Caches/typescript/4.6/package-lock.json'
[10:51:32.398] Adding entry into typings cache: 'babel__core' => '/Users/jco/Library/Caches/typescript/4.6/node_modules/@types/babel__core/index.d.ts'
[10:51:32.400] Adding entry into typings cache: 'babel__preset-env' => '/Users/jco/Library/Caches/typescript/4.6/node_modules/@types/babel__preset-env/index.d.ts'
[10:51:32.402] Adding entry into typings cache: 'dompurify' => '/Users/jco/Library/Caches/typescript/4.6/node_modules/@types/dompurify/index.d.ts'
[10:51:32.404] Adding entry into typings cache: 'download' => '/Users/jco/Library/Caches/typescript/4.6/node_modules/@types/download/index.d.ts'
[10:51:32.406] Adding entry into typings cache: 'eslint' => '/Users/jco/Library/Caches/typescript/4.6/node_modules/@types/eslint/index.d.ts'
[10:51:32.408] Adding entry into typings cache: 'eslint-config-prettier' => '/Users/jco/Library/Caches/typescript/4.6/node_modules/@types/eslint-config-prettier/index.d.ts'
[10:51:32.409] Adding entry into typings cache: 'estree-jsx' => '/Users/jco/Library/Caches/typescript/4.6/node_modules/@types/estree-jsx/index.d.ts'
[10:51:32.413] Adding entry into typings cache: 'graceful-fs' => '/Users/jco/Library/Caches/typescript/4.6/node_modules/@types/graceful-fs/index.d.ts'
[10:51:32.414] Adding entry into typings cache: 'hast' => '/Users/jco/Library/Caches/typescript/4.6/node_modules/@types/hast/index.d.ts'
[10:51:32.416] Adding entry into typings cache: 'intro.js' => '/Users/jco/Library/Caches/typescript/4.6/node_modules/@types/intro.js/index.d.ts'
[10:51:32.417] Adding entry into typings cache: 'invariant' => '/Users/jco/Library/Caches/typescript/4.6/node_modules/@types/invariant/index.d.ts'
[10:51:32.419] Adding entry into typings cache: 'less' => '/Users/jco/Library/Caches/typescript/4.6/node_modules/@types/less/index.d.ts'
[10:51:32.421] Adding entry into typings cache: 'lodash.mergewith' => '/Users/jco/Library/Caches/typescript/4.6/node_modules/@types/lodash.mergewith/index.d.ts'
[10:51:32.423] Adding entry into typings cache: 'mdast' => '/Users/jco/Library/Caches/typescript/4.6/node_modules/@types/mdast/index.d.ts'
[10:51:32.424] Adding entry into typings cache: 'mdx-js__react' => '/Users/jco/Library/Caches/typescript/4.6/node_modules/@types/mdx-js__react/index.d.ts'
[10:51:32.426] Adding entry into typings cache: 'mime-db' => '/Users/jco/Library/Caches/typescript/4.6/node_modules/@types/mime-db/index.d.ts'
[10:51:32.429] Adding entry into typings cache: 'mime-types' => '/Users/jco/Library/Caches/typescript/4.6/node_modules/@types/mime-types/index.d.ts'
[10:51:32.431] Adding entry into typings cache: 'node' => '/Users/jco/Library/Caches/typescript/4.6/node_modules/@types/node/index.d.ts'
[10:51:32.433] Adding entry into typings cache: 'prettier' => '/Users/jco/Library/Caches/typescript/4.6/node_modules/@types/prettier/index.d.ts'
[10:51:32.435] Adding entry into typings cache: 'react' => '/Users/jco/Library/Caches/typescript/4.6/node_modules/@types/react/index.d.ts'
[10:51:32.436] Adding entry into typings cache: 'react-dom' => '/Users/jco/Library/Caches/typescript/4.6/node_modules/@types/react-dom/index.d.ts'
[10:51:32.438] Adding entry into typings cache: 'react-native' => '/Users/jco/Library/Caches/typescript/4.6/node_modules/@types/react-native/index.d.ts'
[10:51:32.440] Adding entry into typings cache: 'react-redux' => '/Users/jco/Library/Caches/typescript/4.6/node_modules/@types/react-redux/index.d.ts'
[10:51:32.442] Adding entry into typings cache: 'react-test-renderer' => '/Users/jco/Library/Caches/typescript/4.6/node_modules/@types/react-test-renderer/index.d.ts'
[10:51:32.443] Adding entry into typings cache: 'react-toggle' => '/Users/jco/Library/Caches/typescript/4.6/node_modules/@types/react-toggle/index.d.ts'
[10:51:32.444] Adding entry into typings cache: 'rss' => '/Users/jco/Library/Caches/typescript/4.6/node_modules/@types/rss/index.d.ts'
[10:51:32.446] Adding entry into typings cache: 'tailwindcss' => '/Users/jco/Library/Caches/typescript/4.6/node_modules/@types/tailwindcss/index.d.ts'
[10:51:32.447] Adding entry into typings cache: 'testing-library__jest-dom' => '/Users/jco/Library/Caches/typescript/4.6/node_modules/@types/testing-library__jest-dom/index.d.ts'
[10:51:32.448] Adding entry into typings cache: 'unist' => '/Users/jco/Library/Caches/typescript/4.6/node_modules/@types/unist/index.d.ts'
[10:51:32.450] Adding entry into typings cache: 'use-subscription' => '/Users/jco/Library/Caches/typescript/4.6/node_modules/@types/use-subscription/index.d.ts'
[10:51:32.453] Adding entry into typings cache: 'webpack' => '/Users/jco/Library/Caches/typescript/4.6/node_modules/webpack/types.d.ts'
[10:51:32.455] Adding entry into typings cache: 'xml' => '/Users/jco/Library/Caches/typescript/4.6/node_modules/@types/xml/index.d.ts'
[10:51:32.455] Finished processing cache location '/Users/jco/Library/Caches/typescript/4.6'
[10:51:32.456] Process id: 16221
[10:51:32.456] NPM location: /usr/local/bin/npm (explicit '--npmLocation' not  provided)
[10:51:32.457] validateDefaultNpmLocation: false
[10:51:32.457] Npm config file: /Users/jco/Library/Caches/typescript/4.6/package.json
[10:51:32.458] Updating types-registry npm package...
[10:51:32.458] Exec: /usr/local/bin/npm install --ignore-scripts types-registry@latest
[10:51:33.388]     Succeeded. stdout:
    
    up to date, audited 137 packages in 690ms

11 packages are looking for funding
  run `npm fund` for details

found 0 vulnerabilities

[10:51:33.390] Updated types-registry npm package
[10:57:23.953] Got install request {"projectName":"/dev/null/inferredProject1*","fileNames":["/Users/jco/github/twitter-clone/client/node_modules/typescript/lib/lib.es5.d.ts","/Users/jco/github/twitter-clone/client/node_modules/typescript/lib/lib.es2015.d.ts","/Users/jco/github/twitter-clone/client/node_modules/typescript/lib/lib.es2016.d.ts","/Users/jco/github/twitter-clone/client/node_modules/typescript/lib/lib.dom.d.ts","/Users/jco/github/twitter-clone/client/node_modules/typescript/lib/lib.dom.iterable.d.ts","/Users/jco/github/twitter-clone/client/node_modules/typescript/lib/lib.webworker.importscripts.d.ts","/Users/jco/github/twitter-clone/client/node_modules/typescript/lib/lib.scripthost.d.ts","/Users/jco/github/twitter-clone/client/node_modules/typescript/lib/lib.es2015.core.d.ts","/Users/jco/github/twitter-clone/client/node_modules/typescript/lib/lib.es2015.collection.d.ts","/Users/jco/github/twitter-clone/client/node_modules/typescript/lib/lib.es2015.generator.d.ts","/Users/jco/github/twitter-clone/client/node_modules/typescript/lib/lib.es2015.iterable.d.ts","/Users/jco/github/twitter-clone/client/node_modules/typescript/lib/lib.es2015.promise.d.ts","/Users/jco/github/twitter-clone/client/node_modules/typescript/lib/lib.es2015.proxy.d.ts","/Users/jco/github/twitter-clone/client/node_modules/typescript/lib/lib.es2015.reflect.d.ts","/Users/jco/github/twitter-clone/client/node_modules/typescript/lib/lib.es2015.symbol.d.ts","/Users/jco/github/twitter-clone/client/node_modules/typescript/lib/lib.es2015.symbol.wellknown.d.ts","/Users/jco/github/twitter-clone/client/node_modules/typescript/lib/lib.es2016.array.include.d.ts","/Users/jco/github/twitter-clone/client/node_modules/typescript/lib/lib.es2016.full.d.ts","/Users/jco/github/twitter-clone/client/main.js"],"compilerOptions":{"module":1,"target":3,"jsx":1,"allowJs":true,"allowSyntheticDefaultImports":true,"allowNonTsExtensions":true,"noEmitForJsFiles":true,"maxNodeModuleJsDepth":2},"typeAcquisition":{"enable":true,"include":[],"exclude":[]},"unresolvedImports":[],"projectRootPath":"/Users/jco/github/twitter-clone/client","kind":"discover"}
[10:57:23.962] Loaded safelist from types map file '/users/jco/github/twitter-clone/client/node_modules/typescript/lib/typesmap.json'
[10:57:23.963] Explicitly included types: []
[10:57:23.965] Typing names in '/Users/jco/github/twitter-clone/client/package.json' dependencies: ["dompurify","ts-node","typescript"]
[10:57:23.965] Searching for typing names in /Users/jco/github/twitter-clone/client/node_modules; all files: ["/Users/jco/github/twitter-clone/client/node_modules/dompurify/package.json","/Users/jco/github/twitter-clone/client/node_modules/ts-node/package.json","/Users/jco/github/twitter-clone/client/node_modules/typescript/package.json"]
[10:57:23.971]     Package 'ts-node' provides its own types.
[10:57:23.973]     Package 'typescript' provides its own types.
[10:57:23.973]     Found package names: ["dompurify"]
[10:57:23.974] Inferred typings from unresolved imports: []
[10:57:23.974] Result: {"cachedTypingPaths":["/Users/jco/Library/Caches/typescript/4.6/node_modules/@types/dompurify/index.d.ts","/Users/jco/github/twitter-clone/client/node_modules/ts-node/dist/index.d.ts","/Users/jco/github/twitter-clone/client/node_modules/typescript/lib/typescript.d.ts"],"newTypingNames":[],"filesToWatch":["/Users/jco/github/twitter-clone/client/bower_components","/Users/jco/github/twitter-clone/client/package.json","/Users/jco/github/twitter-clone/client/node_modules"]}
[10:57:23.974] Finished typings discovery: {"cachedTypingPaths":["/Users/jco/Library/Caches/typescript/4.6/node_modules/@types/dompurify/index.d.ts","/Users/jco/github/twitter-clone/client/node_modules/ts-node/dist/index.d.ts","/Users/jco/github/twitter-clone/client/node_modules/typescript/lib/typescript.d.ts"],"newTypingNames":[],"filesToWatch":["/Users/jco/github/twitter-clone/client/bower_components","/Users/jco/github/twitter-clone/client/package.json","/Users/jco/github/twitter-clone/client/node_modules"]}
[10:57:23.975] DirectoryWatcher:: Added:: WatchInfo: /Users/jco/github/twitter-clone/client/bower_components
[10:57:23.976] DirectoryWatcher:: Added:: WatchInfo: /Users/jco/github/twitter-clone/client/bower_components 1 undefined Project: /dev/null/inferredProject1* watcher already invoked: false
[10:57:23.977] Elapsed:: 0.6769559979438782ms DirectoryWatcher:: Added:: WatchInfo: /Users/jco/github/twitter-clone/client/bower_components 1 undefined Project: /dev/null/inferredProject1* watcher already invoked: false
[10:57:23.977] FileWatcher:: Added:: WatchInfo: /Users/jco/github/twitter-clone/client/package.json
[10:57:23.977] FileWatcher:: Added:: WatchInfo: /Users/jco/github/twitter-clone/client/package.json 2000 undefined Project: /dev/null/inferredProject1* watcher already invoked: false
[10:57:23.978] DirectoryWatcher:: Added:: WatchInfo: /Users/jco/github/twitter-clone/client/node_modules
[10:57:23.979] DirectoryWatcher:: Added:: WatchInfo: /Users/jco/github/twitter-clone/client/node_modules 1 undefined Project: /dev/null/inferredProject1* watcher already invoked: false
[10:57:23.982] Elapsed:: 2.918155997991562ms DirectoryWatcher:: Added:: WatchInfo: /Users/jco/github/twitter-clone/client/node_modules 1 undefined Project: /dev/null/inferredProject1* watcher already invoked: false
[10:57:23.983] Sending response:
    {"projectName":"/dev/null/inferredProject1*","typeAcquisition":{"enable":true,"include":[],"exclude":[]},"compilerOptions":{"module":1,"target":3,"jsx":1,"allowJs":true,"allowSyntheticDefaultImports":true,"allowNonTsExtensions":true,"noEmitForJsFiles":true,"maxNodeModuleJsDepth":2},"typings":["/Users/jco/Library/Caches/typescript/4.6/node_modules/@types/dompurify/index.d.ts","/Users/jco/github/twitter-clone/client/node_modules/ts-node/dist/index.d.ts","/Users/jco/github/twitter-clone/client/node_modules/typescript/lib/typescript.d.ts"],"unresolvedImports":[],"kind":"action::set"}
[10:57:23.984] Response has been sent.
[10:57:23.985] No new typings were requested as a result of typings discovery
[10:57:24.571] Got install request {"projectName":"/dev/null/inferredProject1*","fileNames":["/Users/jco/github/twitter-clone/client/node_modules/typescript/lib/lib.es5.d.ts","/Users/jco/github/twitter-clone/client/node_modules/typescript/lib/lib.es2015.d.ts","/Users/jco/github/twitter-clone/client/node_modules/typescript/lib/lib.es2016.d.ts","/Users/jco/github/twitter-clone/client/node_modules/typescript/lib/lib.dom.d.ts","/Users/jco/github/twitter-clone/client/node_modules/typescript/lib/lib.dom.iterable.d.ts","/Users/jco/github/twitter-clone/client/node_modules/typescript/lib/lib.webworker.importscripts.d.ts","/Users/jco/github/twitter-clone/client/node_modules/typescript/lib/lib.scripthost.d.ts","/Users/jco/github/twitter-clone/client/node_modules/typescript/lib/lib.es2015.core.d.ts","/Users/jco/github/twitter-clone/client/node_modules/typescript/lib/lib.es2015.collection.d.ts","/Users/jco/github/twitter-clone/client/node_modules/typescript/lib/lib.es2015.generator.d.ts","/Users/jco/github/twitter-clone/client/node_modules/typescript/lib/lib.es2015.iterable.d.ts","/Users/jco/github/twitter-clone/client/node_modules/typescript/lib/lib.es2015.promise.d.ts","/Users/jco/github/twitter-clone/client/node_modules/typescript/lib/lib.es2015.proxy.d.ts","/Users/jco/github/twitter-clone/client/node_modules/typescript/lib/lib.es2015.reflect.d.ts","/Users/jco/github/twitter-clone/client/node_modules/typescript/lib/lib.es2015.symbol.d.ts","/Users/jco/github/twitter-clone/client/node_modules/typescript/lib/lib.es2015.symbol.wellknown.d.ts","/Users/jco/github/twitter-clone/client/node_modules/typescript/lib/lib.es2016.array.include.d.ts","/Users/jco/github/twitter-clone/client/node_modules/typescript/lib/lib.es2016.full.d.ts","/Users/jco/github/twitter-clone/client/main.js","/Users/jco/Library/Caches/typescript/4.6/node_modules/@types/dompurify/index.d.ts","/Users/jco/github/twitter-clone/client/node_modules/typescript/lib/typescript.d.ts","/Users/jco/github/twitter-clone/client/node_modules/ts-node/dist/index.d.ts"],"compilerOptions":{"module":1,"target":3,"jsx":1,"allowJs":true,"allowSyntheticDefaultImports":true,"allowNonTsExtensions":true,"noEmitForJsFiles":true,"maxNodeModuleJsDepth":2},"typeAcquisition":{"enable":true,"include":[],"exclude":[]},"unresolvedImports":[],"projectRootPath":"/Users/jco/github/twitter-clone/client","kind":"discover"}
[10:57:24.572] Explicitly included types: []
[10:57:24.573] Typing names in '/Users/jco/github/twitter-clone/client/package.json' dependencies: ["dompurify","ts-node","typescript"]
[10:57:24.573] Searching for typing names in /Users/jco/github/twitter-clone/client/node_modules; all files: ["/Users/jco/github/twitter-clone/client/node_modules/dompurify/package.json","/Users/jco/github/twitter-clone/client/node_modules/ts-node/package.json","/Users/jco/github/twitter-clone/client/node_modules/typescript/package.json"]
[10:57:24.579]     Package 'ts-node' provides its own types.
[10:57:24.581]     Package 'typescript' provides its own types.
[10:57:24.582]     Found package names: ["dompurify"]
[10:57:24.582] Inferred typings from unresolved imports: []
[10:57:24.583] Result: {"cachedTypingPaths":["/Users/jco/Library/Caches/typescript/4.6/node_modules/@types/dompurify/index.d.ts","/Users/jco/github/twitter-clone/client/node_modules/ts-node/dist/index.d.ts","/Users/jco/github/twitter-clone/client/node_modules/typescript/lib/typescript.d.ts"],"newTypingNames":[],"filesToWatch":["/Users/jco/github/twitter-clone/client/bower_components","/Users/jco/github/twitter-clone/client/package.json","/Users/jco/github/twitter-clone/client/node_modules"]}
[10:57:24.583] Finished typings discovery: {"cachedTypingPaths":["/Users/jco/Library/Caches/typescript/4.6/node_modules/@types/dompurify/index.d.ts","/Users/jco/github/twitter-clone/client/node_modules/ts-node/dist/index.d.ts","/Users/jco/github/twitter-clone/client/node_modules/typescript/lib/typescript.d.ts"],"newTypingNames":[],"filesToWatch":["/Users/jco/github/twitter-clone/client/bower_components","/Users/jco/github/twitter-clone/client/package.json","/Users/jco/github/twitter-clone/client/node_modules"]}
[10:57:24.584] Sending response:
    {"projectName":"/dev/null/inferredProject1*","typeAcquisition":{"enable":true,"include":[],"exclude":[]},"compilerOptions":{"module":1,"target":3,"jsx":1,"allowJs":true,"allowSyntheticDefaultImports":true,"allowNonTsExtensions":true,"noEmitForJsFiles":true,"maxNodeModuleJsDepth":2},"typings":["/Users/jco/Library/Caches/typescript/4.6/node_modules/@types/dompurify/index.d.ts","/Users/jco/github/twitter-clone/client/node_modules/ts-node/dist/index.d.ts","/Users/jco/github/twitter-clone/client/node_modules/typescript/lib/typescript.d.ts"],"unresolvedImports":[],"kind":"action::set"}
[10:57:24.584] Response has been sent.
[10:57:24.585] No new typings were requested as a result of typings discovery
