[17:12:26.905] Global cache location '/Users/jco/Library/Caches/typescript/4.6', safe file path '/usr/local/lib/node_modules/typescript/lib/typingsafelist.json', types map path /usr/local/lib/node_modules/typescript/lib/typesmap.json
[17:12:26.907] Processing cache location '/Users/jco/Library/Caches/typescript/4.6'
[17:12:26.908] Trying to find '/Users/jco/Library/Caches/typescript/4.6/package.json'...
[17:12:26.912] Loaded content of '/Users/jco/Library/Caches/typescript/4.6/package.json': {"private":true,"dependencies":{"types-registry":"^0.1.590"},"devDependencies":{"@types/babel__core":"^7.1.19","@types/babel__preset-env":"^7.9.2","@types/download":"^8.0.1","@types/eslint":"^8.4.1","@types/eslint-config-prettier":"^6.11.0","@types/estree-jsx":"^0.0.1","@types/graceful-fs":"^4.1.5","@types/hast":"^2.3.4","@types/intro.js":"^3.0.2","@types/invariant":"^2.2.35","@types/less":"^3.0.3","@types/lodash.mergewith":"^4.6.7","@types/mdast":"^3.0.10","@types/mdx-js__react":"^1.5.5","@types/mime-db":"^1.43.1","@types/mime-types":"^2.1.1","@types/node":"^17.0.23","@types/prettier":"^2.6.0","@types/react":"^18.0.5","@types/react-dom":"^18.0.1","@types/react-native":"^0.67.3","@types/react-redux":"^7.1.23","@types/react-test-renderer":"^17.0.1","@types/react-toggle":"^4.0.3","@types/rss":"^0.0.29","@types/tailwindcss":"^3.0.10","@types/testing-library__jest-dom":"^5.14.3","@types/unist":"^2.0.6","@types/use-subscription":"^1.0.0","@types/webpack":"^5.28.0","@types/xml":"^1.0.8"}}
[17:12:26.913] Loaded content of '/Users/jco/Library/Caches/typescript/4.6/package-lock.json'
[17:12:26.925] Adding entry into typings cache: 'babel__core' => '/Users/jco/Library/Caches/typescript/4.6/node_modules/@types/babel__core/index.d.ts'
[17:12:26.927] Adding entry into typings cache: 'babel__preset-env' => '/Users/jco/Library/Caches/typescript/4.6/node_modules/@types/babel__preset-env/index.d.ts'
[17:12:26.929] Adding entry into typings cache: 'download' => '/Users/jco/Library/Caches/typescript/4.6/node_modules/@types/download/index.d.ts'
[17:12:26.931] Adding entry into typings cache: 'eslint' => '/Users/jco/Library/Caches/typescript/4.6/node_modules/@types/eslint/index.d.ts'
[17:12:26.932] Adding entry into typings cache: 'eslint-config-prettier' => '/Users/jco/Library/Caches/typescript/4.6/node_modules/@types/eslint-config-prettier/index.d.ts'
[17:12:26.934] Adding entry into typings cache: 'estree-jsx' => '/Users/jco/Library/Caches/typescript/4.6/node_modules/@types/estree-jsx/index.d.ts'
[17:12:26.938] Adding entry into typings cache: 'graceful-fs' => '/Users/jco/Library/Caches/typescript/4.6/node_modules/@types/graceful-fs/index.d.ts'
[17:12:26.940] Adding entry into typings cache: 'hast' => '/Users/jco/Library/Caches/typescript/4.6/node_modules/@types/hast/index.d.ts'
[17:12:26.943] Adding entry into typings cache: 'intro.js' => '/Users/jco/Library/Caches/typescript/4.6/node_modules/@types/intro.js/index.d.ts'
[17:12:26.945] Adding entry into typings cache: 'invariant' => '/Users/jco/Library/Caches/typescript/4.6/node_modules/@types/invariant/index.d.ts'
[17:12:26.947] Adding entry into typings cache: 'less' => '/Users/jco/Library/Caches/typescript/4.6/node_modules/@types/less/index.d.ts'
[17:12:26.950] Adding entry into typings cache: 'lodash.mergewith' => '/Users/jco/Library/Caches/typescript/4.6/node_modules/@types/lodash.mergewith/index.d.ts'
[17:12:26.952] Adding entry into typings cache: 'mdast' => '/Users/jco/Library/Caches/typescript/4.6/node_modules/@types/mdast/index.d.ts'
[17:12:26.954] Adding entry into typings cache: 'mdx-js__react' => '/Users/jco/Library/Caches/typescript/4.6/node_modules/@types/mdx-js__react/index.d.ts'
[17:12:26.956] Adding entry into typings cache: 'mime-db' => '/Users/jco/Library/Caches/typescript/4.6/node_modules/@types/mime-db/index.d.ts'
[17:12:26.958] Adding entry into typings cache: 'mime-types' => '/Users/jco/Library/Caches/typescript/4.6/node_modules/@types/mime-types/index.d.ts'
[17:12:26.962] Adding entry into typings cache: 'node' => '/Users/jco/Library/Caches/typescript/4.6/node_modules/@types/node/index.d.ts'
[17:12:26.964] Adding entry into typings cache: 'prettier' => '/Users/jco/Library/Caches/typescript/4.6/node_modules/@types/prettier/index.d.ts'
[17:12:26.966] Adding entry into typings cache: 'react' => '/Users/jco/Library/Caches/typescript/4.6/node_modules/@types/react/index.d.ts'
[17:12:26.968] Adding entry into typings cache: 'react-dom' => '/Users/jco/Library/Caches/typescript/4.6/node_modules/@types/react-dom/index.d.ts'
[17:12:26.971] Adding entry into typings cache: 'react-native' => '/Users/jco/Library/Caches/typescript/4.6/node_modules/@types/react-native/index.d.ts'
[17:12:26.973] Adding entry into typings cache: 'react-redux' => '/Users/jco/Library/Caches/typescript/4.6/node_modules/@types/react-redux/index.d.ts'
[17:12:26.975] Adding entry into typings cache: 'react-test-renderer' => '/Users/jco/Library/Caches/typescript/4.6/node_modules/@types/react-test-renderer/index.d.ts'
[17:12:26.976] Adding entry into typings cache: 'react-toggle' => '/Users/jco/Library/Caches/typescript/4.6/node_modules/@types/react-toggle/index.d.ts'
[17:12:26.978] Adding entry into typings cache: 'rss' => '/Users/jco/Library/Caches/typescript/4.6/node_modules/@types/rss/index.d.ts'
[17:12:26.979] Adding entry into typings cache: 'tailwindcss' => '/Users/jco/Library/Caches/typescript/4.6/node_modules/@types/tailwindcss/index.d.ts'
[17:12:26.981] Adding entry into typings cache: 'testing-library__jest-dom' => '/Users/jco/Library/Caches/typescript/4.6/node_modules/@types/testing-library__jest-dom/index.d.ts'
[17:12:26.983] Adding entry into typings cache: 'unist' => '/Users/jco/Library/Caches/typescript/4.6/node_modules/@types/unist/index.d.ts'
[17:12:26.984] Adding entry into typings cache: 'use-subscription' => '/Users/jco/Library/Caches/typescript/4.6/node_modules/@types/use-subscription/index.d.ts'
[17:12:26.989] Adding entry into typings cache: 'webpack' => '/Users/jco/Library/Caches/typescript/4.6/node_modules/webpack/types.d.ts'
[17:12:26.991] Adding entry into typings cache: 'xml' => '/Users/jco/Library/Caches/typescript/4.6/node_modules/@types/xml/index.d.ts'
[17:12:26.991] Finished processing cache location '/Users/jco/Library/Caches/typescript/4.6'
[17:12:26.992] Process id: 3105
[17:12:26.992] NPM location: /usr/local/bin/npm (explicit '--npmLocation' not  provided)
[17:12:26.993] validateDefaultNpmLocation: false
[17:12:26.994] Npm config file: /Users/jco/Library/Caches/typescript/4.6/package.json
[17:12:26.994] Updating types-registry npm package...
[17:12:26.995] Exec: /usr/local/bin/npm install --ignore-scripts types-registry@latest
[17:12:27.886]     Succeeded. stdout:
    
    up to date, audited 135 packages in 627ms

11 packages are looking for funding
  run `npm fund` for details

found 0 vulnerabilities

[17:12:27.887] Updated types-registry npm package
[17:12:27.913] Got install request {"projectName":"/dev/null/inferredProject1*","fileNames":["/usr/local/lib/node_modules/typescript/lib/lib.es5.d.ts","/usr/local/lib/node_modules/typescript/lib/lib.es2015.d.ts","/usr/local/lib/node_modules/typescript/lib/lib.es2016.d.ts","/usr/local/lib/node_modules/typescript/lib/lib.dom.d.ts","/usr/local/lib/node_modules/typescript/lib/lib.dom.iterable.d.ts","/usr/local/lib/node_modules/typescript/lib/lib.webworker.importscripts.d.ts","/usr/local/lib/node_modules/typescript/lib/lib.scripthost.d.ts","/usr/local/lib/node_modules/typescript/lib/lib.es2015.core.d.ts","/usr/local/lib/node_modules/typescript/lib/lib.es2015.collection.d.ts","/usr/local/lib/node_modules/typescript/lib/lib.es2015.generator.d.ts","/usr/local/lib/node_modules/typescript/lib/lib.es2015.iterable.d.ts","/usr/local/lib/node_modules/typescript/lib/lib.es2015.promise.d.ts","/usr/local/lib/node_modules/typescript/lib/lib.es2015.proxy.d.ts","/usr/local/lib/node_modules/typescript/lib/lib.es2015.reflect.d.ts","/usr/local/lib/node_modules/typescript/lib/lib.es2015.symbol.d.ts","/usr/local/lib/node_modules/typescript/lib/lib.es2015.symbol.wellknown.d.ts","/usr/local/lib/node_modules/typescript/lib/lib.es2016.array.include.d.ts","/usr/local/lib/node_modules/typescript/lib/lib.es2016.full.d.ts","/Users/jco/github/twitter-clone/client/main.js"],"compilerOptions":{"module":1,"target":3,"jsx":1,"allowJs":true,"allowSyntheticDefaultImports":true,"allowNonTsExtensions":true,"noEmitForJsFiles":true,"maxNodeModuleJsDepth":2},"typeAcquisition":{"enable":true,"include":[],"exclude":[]},"unresolvedImports":[],"projectRootPath":"/Users/jco/github/twitter-clone/client","kind":"discover"}
[17:12:27.925] Loaded safelist from types map file '/usr/local/lib/node_modules/typescript/lib/typesmap.json'
[17:12:27.926] Explicitly included types: []
[17:12:27.928] Typing names in '/Users/jco/github/twitter-clone/client/package.json' dependencies: ["dompurify","ts-node","typescript"]
[17:12:27.929] Searching for typing names in /Users/jco/github/twitter-clone/client/node_modules; all files: ["/Users/jco/github/twitter-clone/client/node_modules/dompurify/package.json","/Users/jco/github/twitter-clone/client/node_modules/ts-node/package.json","/Users/jco/github/twitter-clone/client/node_modules/typescript/package.json"]
[17:12:27.935]     Package 'ts-node' provides its own types.
[17:12:27.939]     Package 'typescript' provides its own types.
[17:12:27.939]     Found package names: ["dompurify"]
[17:12:27.940] Inferred typings from unresolved imports: []
[17:12:27.941] Result: {"cachedTypingPaths":["/Users/jco/github/twitter-clone/client/node_modules/ts-node/dist/index.d.ts","/Users/jco/github/twitter-clone/client/node_modules/typescript/lib/typescript.d.ts"],"newTypingNames":["dompurify"],"filesToWatch":["/Users/jco/github/twitter-clone/client/bower_components","/Users/jco/github/twitter-clone/client/package.json","/Users/jco/github/twitter-clone/client/node_modules"]}
[17:12:27.941] Finished typings discovery: {"cachedTypingPaths":["/Users/jco/github/twitter-clone/client/node_modules/ts-node/dist/index.d.ts","/Users/jco/github/twitter-clone/client/node_modules/typescript/lib/typescript.d.ts"],"newTypingNames":["dompurify"],"filesToWatch":["/Users/jco/github/twitter-clone/client/bower_components","/Users/jco/github/twitter-clone/client/package.json","/Users/jco/github/twitter-clone/client/node_modules"]}
[17:12:27.942] DirectoryWatcher:: Added:: WatchInfo: /Users/jco/github/twitter-clone/client/bower_components
[17:12:27.943] DirectoryWatcher:: Added:: WatchInfo: /Users/jco/github/twitter-clone/client/bower_components 1 undefined Project: /dev/null/inferredProject1* watcher already invoked: false
[17:12:27.944] Elapsed:: 0.8414770001545548ms DirectoryWatcher:: Added:: WatchInfo: /Users/jco/github/twitter-clone/client/bower_components 1 undefined Project: /dev/null/inferredProject1* watcher already invoked: false
[17:12:27.945] FileWatcher:: Added:: WatchInfo: /Users/jco/github/twitter-clone/client/package.json
[17:12:27.945] FileWatcher:: Added:: WatchInfo: /Users/jco/github/twitter-clone/client/package.json 2000 undefined Project: /dev/null/inferredProject1* watcher already invoked: false
[17:12:27.946] DirectoryWatcher:: Added:: WatchInfo: /Users/jco/github/twitter-clone/client/node_modules
[17:12:27.946] DirectoryWatcher:: Added:: WatchInfo: /Users/jco/github/twitter-clone/client/node_modules 1 undefined Project: /dev/null/inferredProject1* watcher already invoked: false
[17:12:27.949] Elapsed:: 2.1342259999364614ms DirectoryWatcher:: Added:: WatchInfo: /Users/jco/github/twitter-clone/client/node_modules 1 undefined Project: /dev/null/inferredProject1* watcher already invoked: false
[17:12:27.949] Installing typings ["dompurify"]
[17:12:27.950] Npm config file: /Users/jco/Library/Caches/typescript/4.6/package.json
[17:12:27.950] Sending response:
    {"kind":"event::beginInstallTypes","eventId":1,"typingsInstallerVersion":"4.6.4","projectName":"/dev/null/inferredProject1*"}
[17:12:27.951] Response has been sent.
[17:12:27.951] #1 with arguments'["@types/dompurify@ts4.6"]'.
[17:12:27.952] Exec: /usr/local/bin/npm install --ignore-scripts @types/dompurify@ts4.6 --save-dev --user-agent="typesInstaller/4.6.4"
[17:12:29.267]     Succeeded. stdout:
    
    added 2 packages, and audited 137 packages in 1s

11 packages are looking for funding
  run `npm fund` for details

found 0 vulnerabilities

[17:12:29.268] npm install #1 took: 1316 ms
[17:12:29.270] Installed typings ["@types/dompurify@ts4.6"]
[17:12:29.272] Installed typing files ["/Users/jco/Library/Caches/typescript/4.6/node_modules/@types/dompurify/index.d.ts"]
[17:12:29.273] Sending response:
    {"projectName":"/dev/null/inferredProject1*","typeAcquisition":{"enable":true,"include":[],"exclude":[]},"compilerOptions":{"module":1,"target":3,"jsx":1,"allowJs":true,"allowSyntheticDefaultImports":true,"allowNonTsExtensions":true,"noEmitForJsFiles":true,"maxNodeModuleJsDepth":2},"typings":["/Users/jco/github/twitter-clone/client/node_modules/ts-node/dist/index.d.ts","/Users/jco/github/twitter-clone/client/node_modules/typescript/lib/typescript.d.ts","/Users/jco/Library/Caches/typescript/4.6/node_modules/@types/dompurify/index.d.ts"],"unresolvedImports":[],"kind":"action::set"}
[17:12:29.273] Response has been sent.
[17:12:29.274] Sending response:
    {"kind":"event::endInstallTypes","eventId":1,"projectName":"/dev/null/inferredProject1*","packagesToInstall":["@types/dompurify@ts4.6"],"installSuccess":true,"typingsInstallerVersion":"4.6.4"}
[17:12:29.275] Response has been sent.
[17:12:29.862] Got install request {"projectName":"/dev/null/inferredProject1*","fileNames":["/usr/local/lib/node_modules/typescript/lib/lib.es5.d.ts","/usr/local/lib/node_modules/typescript/lib/lib.es2015.d.ts","/usr/local/lib/node_modules/typescript/lib/lib.es2016.d.ts","/usr/local/lib/node_modules/typescript/lib/lib.dom.d.ts","/usr/local/lib/node_modules/typescript/lib/lib.dom.iterable.d.ts","/usr/local/lib/node_modules/typescript/lib/lib.webworker.importscripts.d.ts","/usr/local/lib/node_modules/typescript/lib/lib.scripthost.d.ts","/usr/local/lib/node_modules/typescript/lib/lib.es2015.core.d.ts","/usr/local/lib/node_modules/typescript/lib/lib.es2015.collection.d.ts","/usr/local/lib/node_modules/typescript/lib/lib.es2015.generator.d.ts","/usr/local/lib/node_modules/typescript/lib/lib.es2015.iterable.d.ts","/usr/local/lib/node_modules/typescript/lib/lib.es2015.promise.d.ts","/usr/local/lib/node_modules/typescript/lib/lib.es2015.proxy.d.ts","/usr/local/lib/node_modules/typescript/lib/lib.es2015.reflect.d.ts","/usr/local/lib/node_modules/typescript/lib/lib.es2015.symbol.d.ts","/usr/local/lib/node_modules/typescript/lib/lib.es2015.symbol.wellknown.d.ts","/usr/local/lib/node_modules/typescript/lib/lib.es2016.array.include.d.ts","/usr/local/lib/node_modules/typescript/lib/lib.es2016.full.d.ts","/Users/jco/github/twitter-clone/client/main.js","/Users/jco/Library/Caches/typescript/4.6/node_modules/@types/dompurify/index.d.ts","/Users/jco/github/twitter-clone/client/node_modules/typescript/lib/typescript.d.ts","/Users/jco/github/twitter-clone/client/node_modules/ts-node/dist/index.d.ts"],"compilerOptions":{"module":1,"target":3,"jsx":1,"allowJs":true,"allowSyntheticDefaultImports":true,"allowNonTsExtensions":true,"noEmitForJsFiles":true,"maxNodeModuleJsDepth":2},"typeAcquisition":{"enable":true,"include":[],"exclude":[]},"unresolvedImports":[],"projectRootPath":"/Users/jco/github/twitter-clone/client","kind":"discover"}
[17:12:29.863] Explicitly included types: []
[17:12:29.866] Typing names in '/Users/jco/github/twitter-clone/client/package.json' dependencies: ["dompurify","ts-node","typescript"]
[17:12:29.867] Searching for typing names in /Users/jco/github/twitter-clone/client/node_modules; all files: ["/Users/jco/github/twitter-clone/client/node_modules/dompurify/package.json","/Users/jco/github/twitter-clone/client/node_modules/ts-node/package.json","/Users/jco/github/twitter-clone/client/node_modules/typescript/package.json"]
[17:12:29.871]     Package 'ts-node' provides its own types.
[17:12:29.874]     Package 'typescript' provides its own types.
[17:12:29.874]     Found package names: ["dompurify"]
[17:12:29.875] Inferred typings from unresolved imports: []
[17:12:29.875] Result: {"cachedTypingPaths":["/Users/jco/Library/Caches/typescript/4.6/node_modules/@types/dompurify/index.d.ts","/Users/jco/github/twitter-clone/client/node_modules/ts-node/dist/index.d.ts","/Users/jco/github/twitter-clone/client/node_modules/typescript/lib/typescript.d.ts"],"newTypingNames":[],"filesToWatch":["/Users/jco/github/twitter-clone/client/bower_components","/Users/jco/github/twitter-clone/client/package.json","/Users/jco/github/twitter-clone/client/node_modules"]}
[17:12:29.876] Finished typings discovery: {"cachedTypingPaths":["/Users/jco/Library/Caches/typescript/4.6/node_modules/@types/dompurify/index.d.ts","/Users/jco/github/twitter-clone/client/node_modules/ts-node/dist/index.d.ts","/Users/jco/github/twitter-clone/client/node_modules/typescript/lib/typescript.d.ts"],"newTypingNames":[],"filesToWatch":["/Users/jco/github/twitter-clone/client/bower_components","/Users/jco/github/twitter-clone/client/package.json","/Users/jco/github/twitter-clone/client/node_modules"]}
[17:12:29.877] Sending response:
    {"projectName":"/dev/null/inferredProject1*","typeAcquisition":{"enable":true,"include":[],"exclude":[]},"compilerOptions":{"module":1,"target":3,"jsx":1,"allowJs":true,"allowSyntheticDefaultImports":true,"allowNonTsExtensions":true,"noEmitForJsFiles":true,"maxNodeModuleJsDepth":2},"typings":["/Users/jco/Library/Caches/typescript/4.6/node_modules/@types/dompurify/index.d.ts","/Users/jco/github/twitter-clone/client/node_modules/ts-node/dist/index.d.ts","/Users/jco/github/twitter-clone/client/node_modules/typescript/lib/typescript.d.ts"],"unresolvedImports":[],"kind":"action::set"}
[17:12:29.877] Response has been sent.
[17:12:29.878] No new typings were requested as a result of typings discovery
